<?xml version="1.0" encoding="UTF-8"?>
<!-- Generated by org.testng.reporters.JUnitReportReporter -->
<testsuite ignored="0" hostname="DESKTOP-2B4IKJD" failures="0" tests="1" name="SpicePart_A.SpicePartB_upload_V3" time="116.918" errors="0" timestamp="03 Apr 2024 07:15:48 GMT" skipped="0">
  <testcase classname="SpicePart_A.SpicePartB_upload_V3" name="run" time="116.918"/>
</testsuite> <!-- SpicePart_A.SpicePartB_upload_V3 -->
